<?xml version="1.0" encoding="UTF-8"?>
<!-- Generated by org.testng.reporters.JUnitXMLReporter -->
<testsuite ignored="2" hostname="sunil" failures="1" tests="3" name="Test" time="57.672" errors="0" timestamp="2024-01-09T08:13:42 IST">
  <testcase classname="cartTest.AddtoCart" name="addtocaredsmartphone" time="8.651"/>
  <testcase classname="cartTest.AddtoCart" name="dummy" time="0.003">
    <failure type="java.lang.AssertionError" message="null">
      <![CDATA[java.lang.AssertionError: null
at cartTest.AddtoCart.dummy(AddtoCart.java:52)
at java.base/java.util.ArrayList.forEach(ArrayList.java:1511)
... Removed 29 stack frames]]>
    </failure>
  </testcase> <!-- dummy -->
  <testcase classname="cartTest.Addtocartbbok" name="addtocartBook" time="7.41"/>
  <testcase classname="genericutilities.BaseClass" name="@BeforeSuite bsConfig" time="0.0">
    <ignored/>
  </testcase> <!-- @BeforeSuite bsConfig -->
  <testcase classname="genericutilities.BaseClass" name="@AfterSuite asConfig" time="0.0">
    <ignored/>
  </testcase> <!-- @AfterSuite asConfig -->
</testsuite> <!-- Test -->
